# JRE version: OpenJDK Runtime Environment (11.0.2+9) (build 11.0.2+9)
# Java VM: OpenJDK 64-Bit Server VM (11.0.2+9, mixed mode, tiered, compressed oops, g1 gc, windows-amd64)
Heap:
 garbage-first heap   total 171008K, used 150862K [0x0000000740000000, 0x0000000800000000)
  region size 1024K, 50 young (51200K), 7 survivors (7168K)
 Metaspace       used 97110K, capacity 99678K, committed 99868K, reserved 1134592K
  class space    used 13513K, capacity 14674K, committed 14796K, reserved 1048576K
GC Heap History (10 events):
Event: 82.814 GC heap before
{Heap before GC invocations=73 (full 1):
 garbage-first heap   total 168960K, used 161977K [0x0000000740000000, 0x0000000800000000)
  region size 1024K, 60 young (61440K), 3 survivors (3072K)
 Metaspace       used 96356K, capacity 98932K, committed 98972K, reserved 1134592K
  class space    used 13492K, capacity 14640K, committed 14668K, reserved 1048576K
}
Event: 82.817 GC heap after
{Heap after GC invocations=74 (full 1):
 garbage-first heap   total 168960K, used 104762K [0x0000000740000000, 0x0000000800000000)
  region size 1024K, 4 young (4096K), 4 survivors (4096K)
 Metaspace       used 96356K, capacity 98932K, committed 98972K, reserved 1134592K
  class space    used 13492K, capacity 14640K, committed 14668K, reserved 1048576K
}
Event: 84.841 GC heap before
{Heap before GC invocations=74 (full 1):
 garbage-first heap   total 168960K, used 162106K [0x0000000740000000, 0x0000000800000000)
  region size 1024K, 61 young (62464K), 4 survivors (4096K)
 Metaspace       used 96428K, capacity 98996K, committed 99228K, reserved 1134592K
  class space    used 13492K, capacity 14640K, committed 14668K, reserved 1048576K
}
Event: 84.844 GC heap after
{Heap after GC invocations=75 (full 1):
 garbage-first heap   total 168960K, used 103596K [0x0000000740000000, 0x0000000800000000)
  region size 1024K, 3 young (3072K), 3 survivors (3072K)
 Metaspace       used 96428K, capacity 98996K, committed 99228K, reserved 1134592K
  class space    used 13492K, capacity 14640K, committed 14668K, reserved 1048576K
}
Event: 85.439 GC heap before
{Heap before GC invocations=76 (full 1):
 garbage-first heap   total 168960K, used 161964K [0x0000000740000000, 0x0000000800000000)
  region size 1024K, 60 young (61440K), 3 survivors (3072K)
 Metaspace       used 96499K, capacity 99060K, committed 99228K, reserved 1134592K
  class space    used 13492K, capacity 14640K, committed 14668K, reserved 1048576K
}
Event: 85.445 GC heap after
{Heap after GC invocations=77 (full 1):
 garbage-first heap   total 168960K, used 104600K [0x0000000740000000, 0x0000000800000000)
  region size 1024K, 4 young (4096K), 4 survivors (4096K)
 Metaspace       used 96499K, capacity 99060K, committed 99228K, reserved 1134592K
  class space    used 13492K, capacity 14640K, committed 14668K, reserved 1048576K
}
Event: 87.480 GC heap before
{Heap before GC invocations=77 (full 1):
 garbage-first heap   total 168960K, used 161944K [0x0000000740000000, 0x0000000800000000)
  region size 1024K, 60 young (61440K), 4 survivors (4096K)
 Metaspace       used 96558K, capacity 99124K, committed 99228K, reserved 1134592K
  class space    used 13492K, capacity 14640K, committed 14668K, reserved 1048576K
}
Event: 87.485 GC heap after
{Heap after GC invocations=78 (full 1):
 garbage-first heap   total 169984K, used 105683K [0x0000000740000000, 0x0000000800000000)
  region size 1024K, 6 young (6144K), 6 survivors (6144K)
 Metaspace       used 96558K, capacity 99124K, committed 99228K, reserved 1134592K
  class space    used 13492K, capacity 14640K, committed 14668K, reserved 1048576K
}
Event: 97.619 GC heap before
{Heap before GC invocations=78 (full 1):
 garbage-first heap   total 169984K, used 159955K [0x0000000740000000, 0x0000000800000000)
  region size 1024K, 60 young (61440K), 6 survivors (6144K)
 Metaspace       used 96821K, capacity 99419K, committed 99612K, reserved 1134592K
  class space    used 13506K, capacity 14673K, committed 14796K, reserved 1048576K
}
Event: 97.624 GC heap after
{Heap after GC invocations=79 (full 1):
 garbage-first heap   total 171008K, used 107854K [0x0000000740000000, 0x0000000800000000)
  region size 1024K, 7 young (7168K), 7 survivors (7168K)
 Metaspace       used 96821K, capacity 99419K, committed 99612K, reserved 1134592K
  class space    used 13506K, capacity 14673K, committed 14796K, reserved 1048576K
}

