# JRE version: Java(TM) SE Runtime Environment (8.0_112-b15) (build 1.8.0_112-b15)
# Java VM: Java HotSpot(TM) 64-Bit Server VM (25.112-b15 mixed mode windows-amd64 compressed oops)
Heap:
 PSYoungGen      total 47104K, used 26466K [0x00000007bc400000, 0x00000007c0000000, 0x00000007c0000000)
  eden space 31744K, 77% used [0x00000007bc400000,0x00000007bdc07ec0,0x00000007be300000)
  from space 15360K, 12% used [0x00000007bf100000,0x00000007bf2d0a68,0x00000007c0000000)
  to   space 14336K, 0% used [0x00000007be300000,0x00000007be300000,0x00000007bf100000)
 ParOldGen       total 516608K, used 485252K [0x0000000700000000, 0x000000071f880000, 0x00000007bc400000)
  object space 516608K, 93% used [0x0000000700000000,0x000000071d9e1338,0x000000071f880000)
 Metaspace       used 95693K, capacity 96799K, committed 97536K, reserved 1132544K
  class space    used 14610K, capacity 14809K, committed 14848K, reserved 1048576K
GC Heap History (10 events):
Event: 15014.912 GC heap before
{Heap before GC invocations=855 (full 33):
 PSYoungGen      total 43520K, used 28416K [0x00000007bc400000, 0x00000007c0000000, 0x00000007c0000000)
  eden space 26112K, 100% used [0x00000007bc400000,0x00000007bdd80000,0x00000007bdd80000)
  from space 17408K, 13% used [0x00000007bdd80000,0x00000007bdfc0000,0x00000007bee80000)
  to   space 16896K, 0% used [0x00000007bef80000,0x00000007bef80000,0x00000007c0000000)
 ParOldGen       total 516608K, used 483304K [0x0000000700000000, 0x000000071f880000, 0x00000007bc400000)
  object space 516608K, 93% used [0x0000000700000000,0x000000071d7fa000,0x000000071f880000)
 Metaspace       used 95659K, capacity 96735K, committed 97536K, reserved 1132544K
  class space    used 14610K, capacity 14809K, committed 14848K, reserved 1048576K
Event: 15014.917 GC heap after
Heap after GC invocations=855 (full 33):
 PSYoungGen      total 45056K, used 1024K [0x00000007bc400000, 0x00000007c0000000, 0x00000007c0000000)
  eden space 28160K, 0% used [0x00000007bc400000,0x00000007bc400000,0x00000007bdf80000)
  from space 16896K, 6% used [0x00000007bef80000,0x00000007bf080000,0x00000007c0000000)
  to   space 16384K, 0% used [0x00000007bdf80000,0x00000007bdf80000,0x00000007bef80000)
 ParOldGen       total 516608K, used 484528K [0x0000000700000000, 0x000000071f880000, 0x00000007bc400000)
  object space 516608K, 93% used [0x0000000700000000,0x000000071d92c060,0x000000071f880000)
 Metaspace       used 95659K, capacity 96735K, committed 97536K, reserved 1132544K
  class space    used 14610K, capacity 14809K, committed 14848K, reserved 1048576K
}
Event: 15030.529 GC heap before
{Heap before GC invocations=856 (full 33):
 PSYoungGen      total 45056K, used 29184K [0x00000007bc400000, 0x00000007c0000000, 0x00000007c0000000)
  eden space 28160K, 100% used [0x00000007bc400000,0x00000007bdf80000,0x00000007bdf80000)
  from space 16896K, 6% used [0x00000007bef80000,0x00000007bf080000,0x00000007c0000000)
  to   space 16384K, 0% used [0x00000007bdf80000,0x00000007bdf80000,0x00000007bef80000)
 ParOldGen       total 516608K, used 484528K [0x0000000700000000, 0x000000071f880000, 0x00000007bc400000)
  object space 516608K, 93% used [0x0000000700000000,0x000000071d92c060,0x000000071f880000)
 Metaspace       used 95659K, capacity 96735K, committed 97536K, reserved 1132544K
  class space    used 14610K, capacity 14809K, committed 14848K, reserved 1048576K
Event: 15030.534 GC heap after
Heap after GC invocations=856 (full 33):
 PSYoungGen      total 44544K, used 864K [0x00000007bc400000, 0x00000007c0000000, 0x00000007c0000000)
  eden space 28160K, 0% used [0x00000007bc400000,0x00000007bc400000,0x00000007bdf80000)
  from space 16384K, 5% used [0x00000007bdf80000,0x00000007be058000,0x00000007bef80000)
  to   space 16384K, 0% used [0x00000007bf000000,0x00000007bf000000,0x00000007c0000000)
 ParOldGen       total 516608K, used 484804K [0x0000000700000000, 0x000000071f880000, 0x00000007bc400000)
  object space 516608K, 93% used [0x0000000700000000,0x000000071d9712e8,0x000000071f880000)
 Metaspace       used 95659K, capacity 96735K, committed 97536K, reserved 1132544K
  class space    used 14610K, capacity 14809K, committed 14848K, reserved 1048576K
}
Event: 15060.851 GC heap before
{Heap before GC invocations=857 (full 33):
 PSYoungGen      total 44544K, used 29024K [0x00000007bc400000, 0x00000007c0000000, 0x00000007c0000000)
  eden space 28160K, 100% used [0x00000007bc400000,0x00000007bdf80000,0x00000007bdf80000)
  from space 16384K, 5% used [0x00000007bdf80000,0x00000007be058000,0x00000007bef80000)
  to   space 16384K, 0% used [0x00000007bf000000,0x00000007bf000000,0x00000007c0000000)
 ParOldGen       total 516608K, used 484804K [0x0000000700000000, 0x000000071f880000, 0x00000007bc400000)
  object space 516608K, 93% used [0x0000000700000000,0x000000071d9712e8,0x000000071f880000)
 Metaspace       used 95659K, capacity 96735K, committed 97536K, reserved 1132544K
  class space    used 14610K, capacity 14809K, committed 14848K, reserved 1048576K
Event: 15060.855 GC heap after
Heap after GC invocations=857 (full 33):
 PSYoungGen      total 45568K, used 448K [0x00000007bc400000, 0x00000007c0000000, 0x00000007c0000000)
  eden space 29184K, 0% used [0x00000007bc400000,0x00000007bc400000,0x00000007be080000)
  from space 16384K, 2% used [0x00000007bf000000,0x00000007bf070000,0x00000007c0000000)
  to   space 15872K, 0% used [0x00000007be080000,0x00000007be080000,0x00000007bf000000)
 ParOldGen       total 516608K, used 485220K [0x0000000700000000, 0x000000071f880000, 0x00000007bc400000)
  object space 516608K, 93% used [0x0000000700000000,0x000000071d9d9338,0x000000071f880000)
 Metaspace       used 95659K, capacity 96735K, committed 97536K, reserved 1132544K
  class space    used 14610K, capacity 14809K, committed 14848K, reserved 1048576K
}
Event: 15076.208 GC heap before
{Heap before GC invocations=858 (full 33):
 PSYoungGen      total 45568K, used 29632K [0x00000007bc400000, 0x00000007c0000000, 0x00000007c0000000)
  eden space 29184K, 100% used [0x00000007bc400000,0x00000007be080000,0x00000007be080000)
  from space 16384K, 2% used [0x00000007bf000000,0x00000007bf070000,0x00000007c0000000)
  to   space 15872K, 0% used [0x00000007be080000,0x00000007be080000,0x00000007bf000000)
 ParOldGen       total 516608K, used 485220K [0x0000000700000000, 0x000000071f880000, 0x00000007bc400000)
  object space 516608K, 93% used [0x0000000700000000,0x000000071d9d9338,0x000000071f880000)
 Metaspace       used 95659K, capacity 96735K, committed 97536K, reserved 1132544K
  class space    used 14610K, capacity 14809K, committed 14848K, reserved 1048576K
Event: 15076.214 GC heap after
Heap after GC invocations=858 (full 33):
 PSYoungGen      total 45056K, used 416K [0x00000007bc400000, 0x00000007c0000000, 0x00000007c0000000)
  eden space 29184K, 0% used [0x00000007bc400000,0x00000007bc400000,0x00000007be080000)
  from space 15872K, 2% used [0x00000007be080000,0x00000007be0e8000,0x00000007bf000000)
  to   space 15360K, 0% used [0x00000007bf100000,0x00000007bf100000,0x00000007c0000000)
 ParOldGen       total 516608K, used 485252K [0x0000000700000000, 0x000000071f880000, 0x00000007bc400000)
  object space 516608K, 93% used [0x0000000700000000,0x000000071d9e1338,0x000000071f880000)
 Metaspace       used 95659K, capacity 96735K, committed 97536K, reserved 1132544K
  class space    used 14610K, capacity 14809K, committed 14848K, reserved 1048576K
}
Event: 15083.434 GC heap before
{Heap before GC invocations=859 (full 33):
 PSYoungGen      total 45056K, used 29600K [0x00000007bc400000, 0x00000007c0000000, 0x00000007c0000000)
  eden space 29184K, 100% used [0x00000007bc400000,0x00000007be080000,0x00000007be080000)
  from space 15872K, 2% used [0x00000007be080000,0x00000007be0e8000,0x00000007bf000000)
  to   space 15360K, 0% used [0x00000007bf100000,0x00000007bf100000,0x00000007c0000000)
 ParOldGen       total 516608K, used 485252K [0x0000000700000000, 0x000000071f880000, 0x00000007bc400000)
  object space 516608K, 93% used [0x0000000700000000,0x000000071d9e1338,0x000000071f880000)
 Metaspace       used 95665K, capacity 96735K, committed 97536K, reserved 1132544K
  class space    used 14610K, capacity 14809K, committed 14848K, reserved 1048576K
Event: 15083.439 GC heap after
Heap after GC invocations=859 (full 33):
 PSYoungGen      total 47104K, used 1858K [0x00000007bc400000, 0x00000007c0000000, 0x00000007c0000000)
  eden space 31744K, 0% used [0x00000007bc400000,0x00000007bc400000,0x00000007be300000)
  from space 15360K, 12% used [0x00000007bf100000,0x00000007bf2d0a68,0x00000007c0000000)
  to   space 14336K, 0% used [0x00000007be300000,0x00000007be300000,0x00000007bf100000)
 ParOldGen       total 516608K, used 485252K [0x0000000700000000, 0x000000071f880000, 0x00000007bc400000)
  object space 516608K, 93% used [0x0000000700000000,0x000000071d9e1338,0x000000071f880000)
 Metaspace       used 95665K, capacity 96735K, committed 97536K, reserved 1132544K
  class space    used 14610K, capacity 14809K, committed 14848K, reserved 1048576K
}

