# JRE version: Java(TM) SE Runtime Environment (8.0_112-b15) (build 1.8.0_112-b15)
# Java VM: Java HotSpot(TM) 64-Bit Server VM (25.112-b15 mixed mode windows-amd64 compressed oops)
Heap:
 PSYoungGen      total 50176K, used 27107K [0x00000007bc400000, 0x00000007c0000000, 0x00000007c0000000)
  eden space 38400K, 70% used [0x00000007bc400000,0x00000007bde78d40,0x00000007be980000)
  from space 11776K, 0% used [0x00000007bf480000,0x00000007bf480000,0x00000007c0000000)
  to   space 11264K, 0% used [0x00000007be980000,0x00000007be980000,0x00000007bf480000)
 ParOldGen       total 390656K, used 207493K [0x0000000700000000, 0x0000000717d80000, 0x00000007bc400000)
  object space 390656K, 53% used [0x0000000700000000,0x000000070caa1630,0x0000000717d80000)
 Metaspace       used 100099K, capacity 101175K, committed 101760K, reserved 1136640K
  class space    used 15002K, capacity 15197K, committed 15232K, reserved 1048576K
GC Heap History (10 events):
Event: 12791.711 GC heap before
{Heap before GC invocations=1674 (full 177):
 PSYoungGen      total 48640K, used 39991K [0x00000007bc400000, 0x00000007c0000000, 0x00000007c0000000)
  eden space 35328K, 100% used [0x00000007bc400000,0x00000007be680000,0x00000007be680000)
  from space 13312K, 35% used [0x00000007bf300000,0x00000007bf78de30,0x00000007c0000000)
  to   space 12800K, 0% used [0x00000007be680000,0x00000007be680000,0x00000007bf300000)
 ParOldGen       total 390656K, used 260529K [0x0000000700000000, 0x0000000717d80000, 0x00000007bc400000)
  object space 390656K, 66% used [0x0000000700000000,0x000000070fe6c6c0,0x0000000717d80000)
 Metaspace       used 100090K, capacity 101175K, committed 101760K, reserved 1136640K
  class space    used 15002K, capacity 15197K, committed 15232K, reserved 1048576K
Event: 12791.717 GC heap after
Heap after GC invocations=1674 (full 177):
 PSYoungGen      total 48128K, used 4663K [0x00000007bc400000, 0x00000007c0000000, 0x00000007c0000000)
  eden space 35328K, 0% used [0x00000007bc400000,0x00000007bc400000,0x00000007be680000)
  from space 12800K, 36% used [0x00000007be680000,0x00000007beb0de30,0x00000007bf300000)
  to   space 11776K, 0% used [0x00000007bf480000,0x00000007bf480000,0x00000007c0000000)
 ParOldGen       total 390656K, used 260577K [0x0000000700000000, 0x0000000717d80000, 0x00000007bc400000)
  object space 390656K, 66% used [0x0000000700000000,0x000000070fe786c0,0x0000000717d80000)
 Metaspace       used 100090K, capacity 101175K, committed 101760K, reserved 1136640K
  class space    used 15002K, capacity 15197K, committed 15232K, reserved 1048576K
}
Event: 12792.163 GC heap before
{Heap before GC invocations=1675 (full 177):
 PSYoungGen      total 48128K, used 39991K [0x00000007bc400000, 0x00000007c0000000, 0x00000007c0000000)
  eden space 35328K, 100% used [0x00000007bc400000,0x00000007be680000,0x00000007be680000)
  from space 12800K, 36% used [0x00000007be680000,0x00000007beb0de30,0x00000007bf300000)
  to   space 11776K, 0% used [0x00000007bf480000,0x00000007bf480000,0x00000007c0000000)
 ParOldGen       total 390656K, used 260577K [0x0000000700000000, 0x0000000717d80000, 0x00000007bc400000)
  object space 390656K, 66% used [0x0000000700000000,0x000000070fe786c0,0x0000000717d80000)
 Metaspace       used 100093K, capacity 101175K, committed 101760K, reserved 1136640K
  class space    used 15002K, capacity 15197K, committed 15232K, reserved 1048576K
Event: 12792.171 GC heap after
Heap after GC invocations=1675 (full 177):
 PSYoungGen      total 49664K, used 5976K [0x00000007bc400000, 0x00000007c0000000, 0x00000007c0000000)
  eden space 37888K, 0% used [0x00000007bc400000,0x00000007bc400000,0x00000007be900000)
  from space 11776K, 50% used [0x00000007bf480000,0x00000007bfa56328,0x00000007c0000000)
  to   space 11776K, 0% used [0x00000007be900000,0x00000007be900000,0x00000007bf480000)
 ParOldGen       total 390656K, used 260577K [0x0000000700000000, 0x0000000717d80000, 0x00000007bc400000)
  object space 390656K, 66% used [0x0000000700000000,0x000000070fe786c0,0x0000000717d80000)
 Metaspace       used 100093K, capacity 101175K, committed 101760K, reserved 1136640K
  class space    used 15002K, capacity 15197K, committed 15232K, reserved 1048576K
}
Event: 12793.503 GC heap before
{Heap before GC invocations=1676 (full 177):
 PSYoungGen      total 49664K, used 43864K [0x00000007bc400000, 0x00000007c0000000, 0x00000007c0000000)
  eden space 37888K, 100% used [0x00000007bc400000,0x00000007be900000,0x00000007be900000)
  from space 11776K, 50% used [0x00000007bf480000,0x00000007bfa56328,0x00000007c0000000)
  to   space 11776K, 0% used [0x00000007be900000,0x00000007be900000,0x00000007bf480000)
 ParOldGen       total 390656K, used 260577K [0x0000000700000000, 0x0000000717d80000, 0x00000007bc400000)
  object space 390656K, 66% used [0x0000000700000000,0x000000070fe786c0,0x0000000717d80000)
 Metaspace       used 100096K, capacity 101175K, committed 101760K, reserved 1136640K
  class space    used 15002K, capacity 15197K, committed 15232K, reserved 1048576K
Event: 12793.514 GC heap after
Heap after GC invocations=1676 (full 177):
 PSYoungGen      total 49664K, used 6313K [0x00000007bc400000, 0x00000007c0000000, 0x00000007c0000000)
  eden space 37888K, 0% used [0x00000007bc400000,0x00000007bc400000,0x00000007be900000)
  from space 11776K, 53% used [0x00000007be900000,0x00000007bef2a570,0x00000007bf480000)
  to   space 11776K, 0% used [0x00000007bf480000,0x00000007bf480000,0x00000007c0000000)
 ParOldGen       total 390656K, used 260577K [0x0000000700000000, 0x0000000717d80000, 0x00000007bc400000)
  object space 390656K, 66% used [0x0000000700000000,0x000000070fe786c0,0x0000000717d80000)
 Metaspace       used 100096K, capacity 101175K, committed 101760K, reserved 1136640K
  class space    used 15002K, capacity 15197K, committed 15232K, reserved 1048576K
}
Event: 12793.763 GC heap before
{Heap before GC invocations=1677 (full 177):
 PSYoungGen      total 49664K, used 39864K [0x00000007bc400000, 0x00000007c0000000, 0x00000007c0000000)
  eden space 37888K, 88% used [0x00000007bc400000,0x00000007be4c3da0,0x00000007be900000)
  from space 11776K, 53% used [0x00000007be900000,0x00000007bef2a570,0x00000007bf480000)
  to   space 11776K, 0% used [0x00000007bf480000,0x00000007bf480000,0x00000007c0000000)
 ParOldGen       total 390656K, used 260577K [0x0000000700000000, 0x0000000717d80000, 0x00000007bc400000)
  object space 390656K, 66% used [0x0000000700000000,0x000000070fe786c0,0x0000000717d80000)
 Metaspace       used 100099K, capacity 101175K, committed 101760K, reserved 1136640K
  class space    used 15002K, capacity 15197K, committed 15232K, reserved 1048576K
Event: 12793.775 GC heap after
Heap after GC invocations=1677 (full 177):
 PSYoungGen      total 50176K, used 4637K [0x00000007bc400000, 0x00000007c0000000, 0x00000007c0000000)
  eden space 38400K, 0% used [0x00000007bc400000,0x00000007bc400000,0x00000007be980000)
  from space 11776K, 39% used [0x00000007bf480000,0x00000007bf9075c8,0x00000007c0000000)
  to   space 11264K, 0% used [0x00000007be980000,0x00000007be980000,0x00000007bf480000)
 ParOldGen       total 390656K, used 260577K [0x0000000700000000, 0x0000000717d80000, 0x00000007bc400000)
  object space 390656K, 66% used [0x0000000700000000,0x000000070fe786c0,0x0000000717d80000)
 Metaspace       used 100099K, capacity 101175K, committed 101760K, reserved 1136640K
  class space    used 15002K, capacity 15197K, committed 15232K, reserved 1048576K
}
Event: 12793.775 GC heap before
{Heap before GC invocations=1678 (full 178):
 PSYoungGen      total 50176K, used 4637K [0x00000007bc400000, 0x00000007c0000000, 0x00000007c0000000)
  eden space 38400K, 0% used [0x00000007bc400000,0x00000007bc400000,0x00000007be980000)
  from space 11776K, 39% used [0x00000007bf480000,0x00000007bf9075c8,0x00000007c0000000)
  to   space 11264K, 0% used [0x00000007be980000,0x00000007be980000,0x00000007bf480000)
 ParOldGen       total 390656K, used 260577K [0x0000000700000000, 0x0000000717d80000, 0x00000007bc400000)
  object space 390656K, 66% used [0x0000000700000000,0x000000070fe786c0,0x0000000717d80000)
 Metaspace       used 100099K, capacity 101175K, committed 101760K, reserved 1136640K
  class space    used 15002K, capacity 15197K, committed 15232K, reserved 1048576K
Event: 12794.706 GC heap after
Heap after GC invocations=1678 (full 178):
 PSYoungGen      total 50176K, used 0K [0x00000007bc400000, 0x00000007c0000000, 0x00000007c0000000)
  eden space 38400K, 0% used [0x00000007bc400000,0x00000007bc400000,0x00000007be980000)
  from space 11776K, 0% used [0x00000007bf480000,0x00000007bf480000,0x00000007c0000000)
  to   space 11264K, 0% used [0x00000007be980000,0x00000007be980000,0x00000007bf480000)
 ParOldGen       total 390656K, used 207493K [0x0000000700000000, 0x0000000717d80000, 0x00000007bc400000)
  object space 390656K, 53% used [0x0000000700000000,0x000000070caa1630,0x0000000717d80000)
 Metaspace       used 100099K, capacity 101175K, committed 101760K, reserved 1136640K
  class space    used 15002K, capacity 15197K, committed 15232K, reserved 1048576K
}

